<?xml version="1.0" encoding="UTF-8"?>
<!-- Generated by org.testng.reporters.JUnitReportReporter -->
<testsuite hostname="BOOK-4QTRLAP57K" failures="0" tests="1" name="testscripts.AdminUsersTest" time="5.351" errors="0" timestamp="2025-10-15T17:31:41 IST" skipped="0">
  <testcase classname="testscripts.AdminUsersTest" name="addNewUserDetails" time="5.351"/>
  <system-out/>
</testsuite> <!-- testscripts.AdminUsersTest -->
