<?xml version="1.0" encoding="UTF-8"?>
<!-- Generated by org.testng.reporters.JUnitReportReporter -->
<testsuite hostname="BOOK-4QTRLAP57K" failures="0" tests="1" name="testscripts.LoginTest" time="3.918" errors="0" timestamp="2025-10-14T12:07:17 IST" skipped="0">
  <testcase classname="testscripts.LoginTest" name="verifyUserLoginWithValidUsernameAndValidPassword" time="3.918"/>
  <system-out/>
</testsuite> <!-- testscripts.LoginTest -->
